0 info it worked if it ends with ok
1 verbose cli [ '/usr/bin/nodejs', '/usr/bin/npm', 'publish' ]
2 info using npm@1.4.21
3 info using node@v0.10.25
4 verbose publish [ '.' ]
5 verbose cache add [ '.', null ]
6 verbose cache add name=undefined spec="." args=[".",null]
7 verbose parsed url { protocol: null,
7 verbose parsed url   slashes: null,
7 verbose parsed url   auth: null,
7 verbose parsed url   host: null,
7 verbose parsed url   port: null,
7 verbose parsed url   hostname: null,
7 verbose parsed url   hash: null,
7 verbose parsed url   search: null,
7 verbose parsed url   query: null,
7 verbose parsed url   pathname: '.',
7 verbose parsed url   path: '.',
7 verbose parsed url   href: '.' }
8 silly lockFile 3a52ce78- .
9 verbose lock . /home/keith/.npm/3a52ce78-.lock
10 verbose tar pack [ '/home/keith/.npm/jquery.linkIt/0.2.0/package.tgz', '.' ]
11 verbose tarball /home/keith/.npm/jquery.linkIt/0.2.0/package.tgz
12 verbose folder .
13 info prepublish jquery.linkIt@0.2.0
14 silly lockFile 1f1177db-tar tar://.
15 verbose lock tar://. /home/keith/.npm/1f1177db-tar.lock
16 silly lockFile c226a257--jquery-linkIt-0-2-0-package-tgz tar:///home/keith/.npm/jquery.linkIt/0.2.0/package.tgz
17 verbose lock tar:///home/keith/.npm/jquery.linkIt/0.2.0/package.tgz /home/keith/.npm/c226a257--jquery-linkIt-0-2-0-package-tgz.lock
18 silly lockFile 1f1177db-tar tar://.
19 silly lockFile 1f1177db-tar tar://.
20 silly lockFile c226a257--jquery-linkIt-0-2-0-package-tgz tar:///home/keith/.npm/jquery.linkIt/0.2.0/package.tgz
21 silly lockFile c226a257--jquery-linkIt-0-2-0-package-tgz tar:///home/keith/.npm/jquery.linkIt/0.2.0/package.tgz
22 silly lockFile 8ac171f9--npm-jquery-linkIt-0-2-0-package /home/keith/.npm/jquery.linkIt/0.2.0/package
23 verbose lock /home/keith/.npm/jquery.linkIt/0.2.0/package /home/keith/.npm/8ac171f9--npm-jquery-linkIt-0-2-0-package.lock
24 silly lockFile 8ac171f9--npm-jquery-linkIt-0-2-0-package /home/keith/.npm/jquery.linkIt/0.2.0/package
25 silly lockFile 8ac171f9--npm-jquery-linkIt-0-2-0-package /home/keith/.npm/jquery.linkIt/0.2.0/package
26 silly lockFile 3a52ce78- .
27 silly lockFile 3a52ce78- .
28 silly publish { name: 'jquery.linkIt',
28 silly publish   version: '0.2.0',
28 silly publish   description: 'Simple plugin to convert any element into a link',
28 silly publish   main: 'jquery.linkit.js',
28 silly publish   scripts: { test: 'echo "Error: no test specified" && exit 1' },
28 silly publish   repository:
28 silly publish    { type: 'git',
28 silly publish      url: 'https://github.com/keithknox/jquery.linkIt.git' },
28 silly publish   keywords: [ 'link', 'html', 'jquery-plugin', 'ecosystem:jquery', 'content' ],
28 silly publish   author: { name: 'Keith Knox' },
28 silly publish   license: 'MIT',
28 silly publish   bugs: { url: 'https://github.com/keithknox/jquery.linkIt/issues' },
28 silly publish   readme: '#LinkIt jQuery Plugin#\r\n\r\n**LinkIt** is a simple jQuery plugin to attach links to elements\r\n\r\n##Version##\r\n0.2.0\r\n\r\n##Usage##\r\n    $(\'span\').linkIt({\r\n\t\thref: \'http://test.com\',\r\n\t\ttext: \'Click Me\',\r\n\t\ttarget: \'_blank\'\r\n\t});\r\n\r\n##Vendors##\r\njQuery - [http://jquery.com](http://jquery.com)\r\n\r\n##License##\r\nMIT License\r\n',
28 silly publish   readmeFilename: 'README.md',
28 silly publish   gitHead: 'e0e50115be4f17d25947e4c303299314637cdf42',
28 silly publish   _id: 'jquery.linkIt@0.2.0',
28 silly publish   _shasum: 'fb940d9bca08b27bc3836c10e1eb73811e39d6b5',
28 silly publish   _from: '.' }
29 verbose request where is /jquery.linkIt
30 verbose request registry https://registry.npmjs.org/
31 verbose request id 4342b32f221cae07
32 verbose url raw /jquery.linkIt
33 verbose url resolving [ 'https://registry.npmjs.org/', './jquery.linkIt' ]
34 verbose url resolved https://registry.npmjs.org/jquery.linkIt
35 verbose request where is https://registry.npmjs.org/jquery.linkIt
36 info trying registry request attempt 1 at 13:14:30
37 http PUT https://registry.npmjs.org/jquery.linkIt
38 http 400 https://registry.npmjs.org/jquery.linkIt
39 verbose headers { 'content-type': 'application/json',
39 verbose headers   'cache-control': 'max-age=60',
39 verbose headers   'content-length': '54',
39 verbose headers   'accept-ranges': 'bytes',
39 verbose headers   date: 'Tue, 14 Jul 2015 17:14:30 GMT',
39 verbose headers   via: '1.1 varnish',
39 verbose headers   connection: 'keep-alive',
39 verbose headers   'x-served-by': 'cache-iad2123-IAD',
39 verbose headers   'x-cache': 'MISS',
39 verbose headers   'x-cache-hits': '0',
39 verbose headers   'x-timer': 'S1436894070.528547,VS0,VE163' }
40 error publish Failed PUT 400
41 error Error: name can no longer contain capital letters : jquery.linkIt
41 error     at RegClient.<anonymous> (/usr/share/npm/node_modules/npm-registry-client/lib/request.js:300:14)
41 error     at Request._callback (/usr/share/npm/node_modules/npm-registry-client/lib/request.js:238:65)
41 error     at Request.self.callback (/usr/lib/nodejs/request/index.js:148:22)
41 error     at Request.EventEmitter.emit (events.js:98:17)
41 error     at Request.<anonymous> (/usr/lib/nodejs/request/index.js:896:14)
41 error     at Request.EventEmitter.emit (events.js:117:20)
41 error     at IncomingMessage.<anonymous> (/usr/lib/nodejs/request/index.js:847:12)
41 error     at IncomingMessage.EventEmitter.emit (events.js:117:20)
41 error     at _stream_readable.js:920:16
41 error     at process._tickCallback (node.js:415:13)
42 error If you need help, you may report this *entire* log,
42 error including the npm and node versions, at:
42 error     <http://github.com/npm/npm/issues>
43 error System Linux 3.19.0-22-generic
44 error command "/usr/bin/nodejs" "/usr/bin/npm" "publish"
45 error cwd /home/keith/Documents/code_practice/Udemy/js_jquery_projects/linkit/jquery.linkit
46 error node -v v0.10.25
47 error npm -v 1.4.21
48 verbose exit [ 1, true ]
